Build started 21/12/2016 3:57:11 μμ.
     1>Project "C:\Users\Vassilis\Desktop\izampo\askisi3\inheritance_task\inheritance_task\inheritance_task.vcxproj" on node 2 (Build target(s)).
     1>ClCompile:
         C:\Program Files (x86)\Microsoft Visual Studio 12.0\VC\bin\CL.exe /c /ZI /nologo /W3 /WX- /sdl /Od /Oy- /D _MBCS /Gm /EHsc /RTC1 /MDd /GS /fp:precise /Zc:wchar_t /Zc:forScope /Fo"Debug\\" /Fd"Debug\vc120.pdb" /Gd /TP /analyze- /errorReport:prompt main.cpp
         main.cpp
     1>c:\users\vassilis\desktop\izampo\askisi3\inheritance_task\inheritance_task\fermion.h(15): warning C4520: 'fermion' : multiple default constructors specified
       Link:
         C:\Program Files (x86)\Microsoft Visual Studio 12.0\VC\bin\link.exe /ERRORREPORT:PROMPT /OUT:"C:\Users\Vassilis\Desktop\izampo\askisi3\inheritance_task\Debug\inheritance_task.exe" /INCREMENTAL /NOLOGO kernel32.lib user32.lib gdi32.lib winspool.lib comdlg32.lib advapi32.lib shell32.lib ole32.lib oleaut32.lib uuid.lib odbc32.lib odbccp32.lib /MANIFEST /MANIFESTUAC:"level='asInvoker' uiAccess='false'" /manifest:embed /DEBUG /PDB:"C:\Users\Vassilis\Desktop\izampo\askisi3\inheritance_task\Debug\inheritance_task.pdb" /TLBID:1 /DYNAMICBASE /NXCOMPAT /IMPLIB:"C:\Users\Vassilis\Desktop\izampo\askisi3\inheritance_task\Debug\inheritance_task.lib" /MACHINE:X86 Debug\antineutrino.obj
         Debug\boson.obj
         Debug\electron.obj
         Debug\neutrino.obj
         Debug\neutron.obj
         Debug\particle.obj
         Debug\fermion.obj
         Debug\photon.obj
         Debug\positron.obj
         Debug\proton.obj
         Debug\main.obj
         inheritance_task.vcxproj -> C:\Users\Vassilis\Desktop\izampo\askisi3\inheritance_task\Debug\inheritance_task.exe
     1>Done Building Project "C:\Users\Vassilis\Desktop\izampo\askisi3\inheritance_task\inheritance_task\inheritance_task.vcxproj" (Build target(s)).

Build succeeded.

Time Elapsed 00:00:00.93
